<?xml version="1.0" encoding="UTF-8"?>
<!-- Generated by org.testng.reporters.JUnitReportReporter -->
<testsuite skipped="0" hostname="Ravindra" name="TestCases.TC_001" tests="1" failures="0" timestamp="01 Aug 2021 09:28:28 GMT" time="16.461" errors="0">
  <testcase name="VerifyFBLogin" time="16.461" classname="TestCases.TC_001"/>
</testsuite> <!-- TestCases.TC_001 -->
